[2026-04-15 15:10:16,668.668] INFO [15464] - Generated 0 contour lines at height -0.05
[2026-04-15 15:10:16,675.675] INFO [15464] - Generated 2 contour lines at height 0.05
[2026-04-15 15:10:16,680.680] INFO [15464] - Generated 4 contour lines at height 0.15000000000000002
[2026-04-15 15:10:16,684.684] INFO [15464] - Generated 0 contour lines at height 0.25
[2026-04-15 15:10:48,677.677] INFO [15464] - Generated 0 contour lines at height -0.05
[2026-04-15 15:10:48,683.683] INFO [15464] - Generated 2 contour lines at height 0.05
[2026-04-15 15:10:48,693.693] INFO [15464] - Generated 2 contour lines at height 0.15000000000000002
[2026-04-15 15:10:48,699.699] INFO [15464] - Generated 0 contour lines at height 0.25
[2026-04-15 15:10:54,667.667] INFO [15464] - Generated 0 contour lines at height -0.05
[2026-04-15 15:10:54,677.677] INFO [15464] - Generated 2 contour lines at height 0.05
[2026-04-15 15:10:54,682.682] INFO [15464] - Generated 2 contour lines at height 0.15000000000000002
[2026-04-15 15:10:54,687.687] INFO [15464] - Generated 0 contour lines at height 0.25
[2026-04-15 15:12:47,105.105] INFO [15464] - Generated 0 contour lines at height 0.75
[2026-04-15 15:12:47,115.115] INFO [15464] - Generated 1 contour lines at height 0.85
[2026-04-15 15:12:47,125.125] INFO [15464] - Generated 4 contour lines at height 0.95
[2026-04-15 15:12:47,134.134] INFO [15464] - Generated 3 contour lines at height 1.05
[2026-04-15 15:12:47,142.142] INFO [15464] - Generated 1 contour lines at height 1.1500000000000001
[2026-04-15 15:12:47,149.149] INFO [15464] - Generated 1 contour lines at height 1.2500000000000002
[2026-04-15 15:13:19,698.698] INFO [15464] - Generated 0 contour lines at height 0.75
[2026-04-15 15:13:19,709.709] INFO [15464] - Generated 1 contour lines at height 0.85
[2026-04-15 15:13:19,718.718] INFO [15464] - Generated 5 contour lines at height 0.95
[2026-04-15 15:13:19,729.729] INFO [15464] - Generated 7 contour lines at height 1.05
[2026-04-15 15:13:19,737.737] INFO [15464] - Generated 2 contour lines at height 1.1500000000000001
[2026-04-15 15:13:19,745.745] INFO [15464] - Generated 4 contour lines at height 1.2500000000000002
[2026-04-15 15:13:23,884.884] INFO [15464] - Generated 0 contour lines at height 0.75
[2026-04-15 15:13:23,895.895] INFO [15464] - Generated 1 contour lines at height 0.85
[2026-04-15 15:13:23,904.904] INFO [15464] - Generated 5 contour lines at height 0.95
[2026-04-15 15:13:23,914.914] INFO [15464] - Generated 7 contour lines at height 1.05
[2026-04-15 15:13:23,922.922] INFO [15464] - Generated 2 contour lines at height 1.1500000000000001
[2026-04-15 15:13:23,931.931] INFO [15464] - Generated 4 contour lines at height 1.2500000000000002
[2026-04-15 15:13:29,748.748] INFO [15464] - Generated 0 contour lines at height 0.75
[2026-04-15 15:13:29,758.758] INFO [15464] - Generated 1 contour lines at height 0.85
[2026-04-15 15:13:29,765.765] INFO [15464] - Generated 5 contour lines at height 0.95
[2026-04-15 15:13:29,774.774] INFO [15464] - Generated 7 contour lines at height 1.05
[2026-04-15 15:13:29,782.782] INFO [15464] - Generated 2 contour lines at height 1.1500000000000001
[2026-04-15 15:13:29,790.790] INFO [15464] - Generated 4 contour lines at height 1.2500000000000002
[2026-04-15 15:14:19,458.458] INFO [15464] - Generated 0 contour lines at height 0.75
[2026-04-15 15:14:19,467.467] INFO [15464] - Generated 1 contour lines at height 0.85
[2026-04-15 15:14:19,477.477] INFO [15464] - Generated 5 contour lines at height 0.95
[2026-04-15 15:14:19,487.487] INFO [15464] - Generated 7 contour lines at height 1.05
[2026-04-15 15:14:19,495.495] INFO [15464] - Generated 2 contour lines at height 1.1500000000000001
[2026-04-15 15:14:19,504.504] INFO [15464] - Generated 4 contour lines at height 1.2500000000000002
[2026-04-15 15:14:29,747.747] INFO [15464] - Generated 0 contour lines at height 0.75
[2026-04-15 15:14:29,754.754] INFO [15464] - Generated 1 contour lines at height 0.85
[2026-04-15 15:14:29,763.763] INFO [15464] - Generated 5 contour lines at height 0.95
[2026-04-15 15:14:29,771.771] INFO [15464] - Generated 7 contour lines at height 1.05
[2026-04-15 15:14:29,779.779] INFO [15464] - Generated 2 contour lines at height 1.1500000000000001
[2026-04-15 15:14:29,786.786] INFO [15464] - Generated 4 contour lines at height 1.2500000000000002
[2026-04-15 15:15:13,336.336] INFO [15464] - Generated 0 contour lines at height 0.75
[2026-04-15 15:15:13,345.345] INFO [15464] - Generated 1 contour lines at height 0.85
[2026-04-15 15:15:13,353.353] INFO [15464] - Generated 3 contour lines at height 0.95
[2026-04-15 15:15:13,362.362] INFO [15464] - Generated 6 contour lines at height 1.05
[2026-04-15 15:15:13,369.369] INFO [15464] - Generated 4 contour lines at height 1.1500000000000001
[2026-04-15 15:15:13,376.376] INFO [15464] - Generated 4 contour lines at height 1.2500000000000002
[2026-04-15 15:19:52,969.969] INFO [15464] - Generated 0 contour lines at height 0.75
[2026-04-15 15:19:52,977.977] INFO [15464] - Generated 1 contour lines at height 0.85
[2026-04-15 15:19:52,985.985] INFO [15464] - Generated 3 contour lines at height 0.95
[2026-04-15 15:19:52,994.994] INFO [15464] - Generated 6 contour lines at height 1.05
[2026-04-15 15:19:53,001.001] INFO [15464] - Generated 4 contour lines at height 1.1500000000000001
[2026-04-15 15:19:53,009.009] INFO [15464] - Generated 4 contour lines at height 1.2500000000000002
[2026-04-15 15:21:03,618.618] INFO [11696] - Generated 0 contour lines at height 0.75
[2026-04-15 15:21:03,629.629] INFO [11696] - Generated 1 contour lines at height 0.85
[2026-04-15 15:21:03,635.635] INFO [11696] - Generated 4 contour lines at height 0.95
[2026-04-15 15:21:03,643.643] INFO [11696] - Generated 3 contour lines at height 1.05
[2026-04-15 15:21:03,649.649] INFO [11696] - Generated 2 contour lines at height 1.1500000000000001
[2026-04-15 15:21:03,656.656] INFO [11696] - Generated 2 contour lines at height 1.2500000000000002
[2026-04-15 15:21:03,661.661] INFO [11696] - Generated 3 contour lines at height 1.3500000000000003
[2026-04-15 15:21:03,665.665] INFO [11696] - Generated 3 contour lines at height 1.4500000000000004
[2026-04-15 15:21:03,670.670] INFO [11696] - Generated 10 contour lines at height 1.5500000000000005
[2026-04-15 15:21:09,371.371] INFO [11696] - Generated 0 contour lines at height 0.75
[2026-04-15 15:21:09,378.378] INFO [11696] - Generated 1 contour lines at height 0.85
[2026-04-15 15:21:09,382.382] INFO [11696] - Generated 4 contour lines at height 0.95
[2026-04-15 15:21:09,387.387] INFO [11696] - Generated 3 contour lines at height 1.05
[2026-04-15 15:21:09,393.393] INFO [11696] - Generated 2 contour lines at height 1.1500000000000001
[2026-04-15 15:21:09,398.398] INFO [11696] - Generated 2 contour lines at height 1.2500000000000002
[2026-04-15 15:21:09,403.403] INFO [11696] - Generated 3 contour lines at height 1.3500000000000003
[2026-04-15 15:21:09,409.409] INFO [11696] - Generated 3 contour lines at height 1.4500000000000004
[2026-04-15 15:21:09,414.414] INFO [11696] - Generated 10 contour lines at height 1.5500000000000005
[2026-04-15 15:21:25,045.045] INFO [11696] - Generated 0 contour lines at height 0.75
[2026-04-15 15:21:25,050.050] INFO [11696] - Generated 2 contour lines at height 0.85
[2026-04-15 15:21:25,055.055] INFO [11696] - Generated 5 contour lines at height 0.95
[2026-04-15 15:21:25,061.061] INFO [11696] - Generated 4 contour lines at height 1.05
[2026-04-15 15:21:25,066.066] INFO [11696] - Generated 3 contour lines at height 1.1500000000000001
[2026-04-15 15:21:25,072.072] INFO [11696] - Generated 3 contour lines at height 1.2500000000000002
[2026-04-15 15:21:25,077.077] INFO [11696] - Generated 4 contour lines at height 1.3500000000000003
[2026-04-15 15:21:25,082.082] INFO [11696] - Generated 3 contour lines at height 1.4500000000000004
[2026-04-15 15:21:25,087.087] INFO [11696] - Generated 10 contour lines at height 1.5500000000000005
[2026-04-17 01:26:03,810.810] INFO [22576] - Generated 0 contour lines at height -0.75
[2026-04-17 01:26:03,819.819] INFO [22576] - Generated 0 contour lines at height -0.65
[2026-04-17 01:26:03,824.824] INFO [22576] - Generated 1 contour lines at height -0.55
[2026-04-17 01:26:03,828.828] INFO [22576] - Generated 1 contour lines at height -0.45000000000000007
[2026-04-17 01:26:03,831.831] INFO [22576] - Generated 1 contour lines at height -0.3500000000000001
[2026-04-17 01:26:03,835.835] INFO [22576] - Generated 1 contour lines at height -0.2500000000000001
[2026-04-17 01:26:03,839.839] INFO [22576] - Generated 1 contour lines at height -0.1500000000000001
[2026-04-17 01:26:03,842.842] INFO [22576] - Generated 2 contour lines at height -0.0500000000000001
[2026-04-17 01:26:03,846.846] INFO [22576] - Generated 1 contour lines at height 0.049999999999999906
[2026-04-17 01:26:03,849.849] INFO [22576] - Generated 1 contour lines at height 0.1499999999999999
[2026-04-17 01:26:03,854.854] INFO [22576] - Generated 2 contour lines at height 0.24999999999999992
[2026-04-17 01:26:03,857.857] INFO [22576] - Generated 2 contour lines at height 0.3499999999999999
[2026-04-17 01:26:03,861.861] INFO [22576] - Generated 2 contour lines at height 0.44999999999999996
[2026-04-17 01:26:03,865.865] INFO [22576] - Generated 2 contour lines at height 0.5499999999999999
[2026-04-17 01:26:03,870.870] INFO [22576] - Generated 3 contour lines at height 0.6499999999999999
[2026-04-17 01:26:03,873.873] INFO [22576] - Generated 2 contour lines at height 0.7499999999999999
[2026-04-17 01:26:03,877.877] INFO [22576] - Generated 0 contour lines at height 0.8499999999999999
[2026-04-17 01:28:54,097.097] INFO [22576] - Generated 0 contour lines at height 0.35000000000000003
[2026-04-17 02:27:42,604.604] INFO [22576] - Generated 0 contour lines at height 0.35000000000000003
[2026-04-17 03:19:58,178.178] INFO [15256] - Generated 0 contour polylines at height 0.15000000000000002 (TIN)
[2026-04-17 03:19:58,179.179] INFO [15256] - Generated 1 contour polylines at height 0.25 (TIN)
[2026-04-17 03:19:58,180.180] INFO [15256] - Generated 2 contour polylines at height 0.35 (TIN)
[2026-04-17 03:19:58,182.182] INFO [15256] - Generated 1 contour polylines at height 0.44999999999999996 (TIN)
[2026-04-17 03:19:58,183.183] INFO [15256] - Generated 1 contour polylines at height 0.5499999999999999 (TIN)
[2026-04-17 03:19:58,184.184] INFO [15256] - Generated 0 contour polylines at height 0.6499999999999999 (TIN)
[2026-04-17 03:35:07,829.829] INFO [15256] - Generated 0 contour polylines at height -0.05 (TIN)
[2026-04-17 03:35:07,831.831] INFO [15256] - Generated 2 contour polylines at height 0.05 (TIN)
[2026-04-17 03:35:07,832.832] INFO [15256] - Generated 4 contour polylines at height 0.15000000000000002 (TIN)
[2026-04-17 03:35:07,834.834] INFO [15256] - Generated 5 contour polylines at height 0.25 (TIN)
[2026-04-17 03:35:07,835.835] INFO [15256] - Generated 2 contour polylines at height 0.35 (TIN)
[2026-04-17 03:35:07,836.836] INFO [15256] - Generated 2 contour polylines at height 0.44999999999999996 (TIN)
[2026-04-17 03:35:07,838.838] INFO [15256] - Generated 3 contour polylines at height 0.5499999999999999 (TIN)
[2026-04-17 03:35:07,839.839] INFO [15256] - Generated 1 contour polylines at height 0.6499999999999999 (TIN)
[2026-04-17 03:35:07,840.840] INFO [15256] - Generated 1 contour polylines at height 0.7499999999999999 (TIN)
[2026-04-17 03:35:07,841.841] INFO [15256] - Generated 1 contour polylines at height 0.8499999999999999 (TIN)
[2026-04-17 03:35:07,842.842] INFO [15256] - Generated 0 contour polylines at height 0.9499999999999998 (TIN)
[2026-04-17 03:41:10,352.352] INFO [15256] - Generated 0 contour polylines at height 0.25 (TIN)
[2026-04-17 03:41:10,354.354] INFO [15256] - Generated 1 contour polylines at height 0.35 (TIN)
[2026-04-17 03:41:10,355.355] INFO [15256] - Generated 1 contour polylines at height 0.44999999999999996 (TIN)
[2026-04-17 03:41:10,357.357] INFO [15256] - Generated 1 contour polylines at height 0.5499999999999999 (TIN)
[2026-04-17 03:41:10,358.358] INFO [15256] - Generated 1 contour polylines at height 0.6499999999999999 (TIN)
[2026-04-17 03:41:10,359.359] INFO [15256] - Generated 1 contour polylines at height 0.7499999999999999 (TIN)
[2026-04-17 03:41:10,361.361] INFO [15256] - Generated 3 contour polylines at height 0.8499999999999999 (TIN)
[2026-04-17 03:41:10,363.363] INFO [15256] - Generated 3 contour polylines at height 0.9499999999999998 (TIN)
[2026-04-17 03:41:10,364.364] INFO [15256] - Generated 3 contour polylines at height 1.0499999999999998 (TIN)
[2026-04-17 03:41:10,365.365] INFO [15256] - Generated 2 contour polylines at height 1.15 (TIN)
[2026-04-17 03:41:10,367.367] INFO [15256] - Generated 2 contour polylines at height 1.25 (TIN)
[2026-04-17 03:41:10,369.369] INFO [15256] - Generated 1 contour polylines at height 1.35 (TIN)
[2026-04-17 03:41:10,370.370] INFO [15256] - Generated 1 contour polylines at height 1.4500000000000002 (TIN)
[2026-04-17 04:18:56,854.854] INFO [31548] - Generated 0 contour polylines at height 1.25 (TIN, smoothed)
[2026-04-17 04:18:56,867.867] INFO [31548] - Generated 3 contour polylines at height 1.35 (TIN, smoothed)
[2026-04-17 04:18:56,880.880] INFO [31548] - Generated 6 contour polylines at height 1.4500000000000002 (TIN, smoothed)
[2026-04-17 04:18:56,892.892] INFO [31548] - Generated 4 contour polylines at height 1.5500000000000003 (TIN, smoothed)
[2026-04-17 04:18:56,905.905] INFO [31548] - Generated 3 contour polylines at height 1.6500000000000004 (TIN, smoothed)
[2026-04-17 04:18:56,918.918] INFO [31548] - Generated 4 contour polylines at height 1.7500000000000004 (TIN, smoothed)
[2026-04-17 04:18:56,931.931] INFO [31548] - Generated 6 contour polylines at height 1.8500000000000005 (TIN, smoothed)
[2026-04-17 04:18:56,944.944] INFO [31548] - Generated 7 contour polylines at height 1.9500000000000006 (TIN, smoothed)
[2026-04-17 04:18:56,956.956] INFO [31548] - Generated 4 contour polylines at height 2.0500000000000007 (TIN, smoothed)
[2026-04-17 04:18:56,967.967] INFO [31548] - Generated 1 contour polylines at height 2.150000000000001 (TIN, smoothed)
[2026-04-17 04:18:56,979.979] INFO [31548] - Generated 2 contour polylines at height 2.250000000000001 (TIN, smoothed)
[2026-04-17 04:18:56,990.990] INFO [31548] - Generated 2 contour polylines at height 2.350000000000001 (TIN, smoothed)
[2026-04-17 04:18:57,002.002] INFO [31548] - Generated 2 contour polylines at height 2.450000000000001 (TIN, smoothed)
[2026-04-17 04:18:57,014.014] INFO [31548] - Generated 1 contour polylines at height 2.550000000000001 (TIN, smoothed)
[2026-04-17 04:18:57,028.028] INFO [31548] - Generated 1 contour polylines at height 2.6500000000000012 (TIN, smoothed)
[2026-04-17 10:36:53,348.348] INFO [18376] - Generated 0 contour polylines at height 0.05 (TIN, smoothed)
[2026-04-17 10:36:53,354.354] INFO [18376] - Generated 2 contour polylines at height 0.15000000000000002 (TIN, smoothed)
[2026-04-17 10:36:53,360.360] INFO [18376] - Generated 3 contour polylines at height 0.25 (TIN, smoothed)
[2026-04-17 10:36:53,365.365] INFO [18376] - Generated 3 contour polylines at height 0.35 (TIN, smoothed)
[2026-04-17 10:36:53,370.370] INFO [18376] - Generated 3 contour polylines at height 0.44999999999999996 (TIN, smoothed)
[2026-04-17 10:36:53,375.375] INFO [18376] - Generated 0 contour polylines at height 0.5499999999999999 (TIN, smoothed)
[2026-04-17 10:37:02,183.183] INFO [18376] - Generated 0 contour polylines at height 0.05 (TIN, smoothed)
[2026-04-17 10:37:02,189.189] INFO [18376] - Generated 2 contour polylines at height 0.15000000000000002 (TIN, smoothed)
[2026-04-17 10:37:02,199.199] INFO [18376] - Generated 3 contour polylines at height 0.25 (TIN, smoothed)
[2026-04-17 10:37:02,207.207] INFO [18376] - Generated 3 contour polylines at height 0.35 (TIN, smoothed)
[2026-04-17 10:37:02,213.213] INFO [18376] - Generated 3 contour polylines at height 0.44999999999999996 (TIN, smoothed)
[2026-04-17 10:37:02,218.218] INFO [18376] - Generated 0 contour polylines at height 0.5499999999999999 (TIN, smoothed)
[2026-04-17 10:37:04,693.693] INFO [18376] - Generated 0 contour polylines at height 0.05 (TIN, smoothed)
[2026-04-17 10:37:04,699.699] INFO [18376] - Generated 2 contour polylines at height 0.15000000000000002 (TIN, smoothed)
[2026-04-17 10:37:04,704.704] INFO [18376] - Generated 3 contour polylines at height 0.25 (TIN, smoothed)
[2026-04-17 10:37:04,710.710] INFO [18376] - Generated 3 contour polylines at height 0.35 (TIN, smoothed)
[2026-04-17 10:37:04,715.715] INFO [18376] - Generated 3 contour polylines at height 0.44999999999999996 (TIN, smoothed)
[2026-04-17 10:37:04,720.720] INFO [18376] - Generated 0 contour polylines at height 0.5499999999999999 (TIN, smoothed)
[2026-04-17 10:39:22,415.415] INFO [18376] - Generated 0 contour polylines at height 0.05 (TIN, smoothed)
[2026-04-17 10:39:22,423.423] INFO [18376] - Generated 3 contour polylines at height 0.15000000000000002 (TIN, smoothed)
[2026-04-17 10:39:22,429.429] INFO [18376] - Generated 4 contour polylines at height 0.25 (TIN, smoothed)
[2026-04-17 10:39:22,435.435] INFO [18376] - Generated 4 contour polylines at height 0.35 (TIN, smoothed)
[2026-04-17 10:39:22,441.441] INFO [18376] - Generated 4 contour polylines at height 0.44999999999999996 (TIN, smoothed)
[2026-04-17 10:39:22,446.446] INFO [18376] - Generated 4 contour polylines at height 0.5499999999999999 (TIN, smoothed)
[2026-04-17 10:39:22,452.452] INFO [18376] - Generated 2 contour polylines at height 0.6499999999999999 (TIN, smoothed)
[2026-04-17 10:39:22,457.457] INFO [18376] - Generated 1 contour polylines at height 0.7499999999999999 (TIN, smoothed)
[2026-04-17 10:39:22,462.462] INFO [18376] - Generated 0 contour polylines at height 0.8499999999999999 (TIN, smoothed)
[2026-04-17 11:04:54,240.240] INFO [37240] - Generated 1 contour polylines at height 1.5 (TIN)
[2026-04-17 11:04:54,241.241] INFO [37240] - Generated 1 contour polylines at height 2.0 (TIN)
[2026-04-17 11:04:54,242.242] INFO [37240] - Generated 1 contour polylines at height 2.5 (TIN)
[2026-04-17 11:13:28,062.062] INFO [2676] - Generated 0 contour polylines at height -0.05 (TIN)
[2026-04-17 11:13:28,063.063] INFO [2676] - Generated 1 contour polylines at height 0.05 (TIN)
[2026-04-17 11:13:28,064.064] INFO [2676] - Generated 2 contour polylines at height 0.15000000000000002 (TIN)
[2026-04-17 11:13:28,066.066] INFO [2676] - Generated 2 contour polylines at height 0.25 (TIN)
[2026-04-17 11:13:28,067.067] INFO [2676] - Generated 1 contour polylines at height 0.35 (TIN)
[2026-04-17 11:13:28,068.068] INFO [2676] - Generated 1 contour polylines at height 0.44999999999999996 (TIN)
[2026-04-17 11:13:28,069.069] INFO [2676] - Generated 0 contour polylines at height 0.5499999999999999 (TIN)
[2026-04-17 11:42:34,657.657] INFO [29836] - Generated 0 contour lines at height 0.05
[2026-04-17 11:42:34,663.663] INFO [29836] - Generated 1 contour lines at height 0.15000000000000002
[2026-04-17 11:42:34,668.668] INFO [29836] - Generated 2 contour lines at height 0.25
[2026-04-17 11:42:34,674.674] INFO [29836] - Generated 2 contour lines at height 0.35
[2026-04-17 11:42:34,679.679] INFO [29836] - Generated 3 contour lines at height 0.44999999999999996
[2026-04-17 11:42:34,684.684] INFO [29836] - Generated 3 contour lines at height 0.5499999999999999
[2026-04-17 11:42:34,689.689] INFO [29836] - Generated 0 contour lines at height 0.6499999999999999
[2026-04-17 11:59:38,321.321] INFO [28016] - Generated 1 contour lines at height 1.25 (clipped)
[2026-04-17 11:59:38,323.323] INFO [28016] - Generated 3 contour lines at height 1.35 (clipped)
[2026-04-17 11:59:38,325.325] INFO [28016] - Generated 3 contour lines at height 1.4500000000000002 (clipped)
[2026-04-17 11:59:38,328.328] INFO [28016] - Generated 7 contour lines at height 1.5500000000000003 (clipped)
[2026-04-17 11:59:38,330.330] INFO [28016] - Generated 4 contour lines at height 1.6500000000000004 (clipped)
[2026-04-17 11:59:38,331.331] INFO [28016] - Generated 4 contour lines at height 1.7500000000000004 (clipped)
[2026-04-17 11:59:38,333.333] INFO [28016] - Generated 5 contour lines at height 1.8500000000000005 (clipped)
[2026-04-17 11:59:38,335.335] INFO [28016] - Generated 5 contour lines at height 1.9500000000000006 (clipped)
[2026-04-17 11:59:38,338.338] INFO [28016] - Generated 5 contour lines at height 2.0500000000000007 (clipped)
[2026-04-17 11:59:38,341.341] INFO [28016] - Generated 13 contour lines at height 2.150000000000001 (clipped)
[2026-04-17 11:59:38,342.342] INFO [28016] - Generated 5 contour lines at height 2.250000000000001 (clipped)
[2026-04-17 11:59:38,343.343] INFO [28016] - Generated 3 contour lines at height 2.350000000000001 (clipped)
[2026-04-17 11:59:38,344.344] INFO [28016] - Generated 1 contour lines at height 2.450000000000001 (clipped)
[2026-04-17 11:59:38,345.345] INFO [28016] - Generated 1 contour lines at height 2.550000000000001 (clipped)
[2026-04-17 11:59:38,346.346] INFO [28016] - Generated 1 contour lines at height 2.6500000000000012 (clipped)
[2026-04-17 12:04:09,352.352] INFO [28016] - Generated 1 contour lines at height 1.25 (clipped)
[2026-04-17 12:04:09,355.355] INFO [28016] - Generated 3 contour lines at height 1.35 (clipped)
[2026-04-17 12:04:09,357.357] INFO [28016] - Generated 3 contour lines at height 1.4500000000000002 (clipped)
[2026-04-17 12:04:09,362.362] INFO [28016] - Generated 7 contour lines at height 1.5500000000000003 (clipped)
[2026-04-17 12:04:09,366.366] INFO [28016] - Generated 4 contour lines at height 1.6500000000000004 (clipped)
[2026-04-17 12:04:09,369.369] INFO [28016] - Generated 4 contour lines at height 1.7500000000000004 (clipped)
[2026-04-17 12:04:09,374.374] INFO [28016] - Generated 5 contour lines at height 1.8500000000000005 (clipped)
[2026-04-17 12:04:09,380.380] INFO [28016] - Generated 5 contour lines at height 1.9500000000000006 (clipped)
[2026-04-17 12:04:09,384.384] INFO [28016] - Generated 5 contour lines at height 2.0500000000000007 (clipped)
[2026-04-17 12:04:09,390.390] INFO [28016] - Generated 13 contour lines at height 2.150000000000001 (clipped)
[2026-04-17 12:04:09,397.397] INFO [28016] - Generated 5 contour lines at height 2.250000000000001 (clipped)
[2026-04-17 12:04:09,400.400] INFO [28016] - Generated 3 contour lines at height 2.350000000000001 (clipped)
[2026-04-17 12:04:09,403.403] INFO [28016] - Generated 1 contour lines at height 2.450000000000001 (clipped)
[2026-04-17 12:04:09,405.405] INFO [28016] - Generated 1 contour lines at height 2.550000000000001 (clipped)
[2026-04-17 12:04:09,406.406] INFO [28016] - Generated 1 contour lines at height 2.6500000000000012 (clipped)
[2026-04-17 12:11:05,768.768] INFO [28016] - Generated 4 contour lines at height 0.05 (clipped)
[2026-04-17 12:11:05,772.772] INFO [28016] - Generated 7 contour lines at height 0.15000000000000002 (clipped)
[2026-04-17 12:11:05,775.775] INFO [28016] - Generated 6 contour lines at height 0.25 (clipped)
[2026-04-17 12:11:05,779.779] INFO [28016] - Generated 8 contour lines at height 0.35 (clipped)
[2026-04-17 12:11:05,781.781] INFO [28016] - Generated 3 contour lines at height 0.44999999999999996 (clipped)
[2026-04-17 12:11:05,782.782] INFO [28016] - Generated 4 contour lines at height 0.5499999999999999 (clipped)
[2026-04-17 12:11:05,784.784] INFO [28016] - Generated 4 contour lines at height 0.6499999999999999 (clipped)
[2026-04-17 12:11:05,785.785] INFO [28016] - Generated 3 contour lines at height 0.7499999999999999 (clipped)
[2026-04-17 12:23:45,591.591] INFO [15368] - Generated 3 contour lines at height 1.25 (unclipped)
[2026-04-17 12:23:45,592.592] INFO [15368] - Generated 3 contour lines at height 1.35 (unclipped)
[2026-04-17 12:23:45,593.593] INFO [15368] - Generated 3 contour lines at height 1.4500000000000002 (unclipped)
[2026-04-17 12:23:45,594.594] INFO [15368] - Generated 3 contour lines at height 1.5500000000000003 (unclipped)
[2026-04-17 12:23:45,594.594] INFO [15368] - Generated 6 contour lines at height 1.6500000000000004 (unclipped)
[2026-04-17 12:23:45,595.595] INFO [15368] - Generated 4 contour lines at height 1.7500000000000004 (unclipped)
[2026-04-17 12:23:45,596.596] INFO [15368] - Generated 4 contour lines at height 1.8500000000000005 (unclipped)
[2026-04-17 12:23:45,596.596] INFO [15368] - Generated 3 contour lines at height 1.9500000000000006 (unclipped)
[2026-04-17 12:23:45,597.597] INFO [15368] - Generated 3 contour lines at height 2.0500000000000007 (unclipped)
[2026-04-17 12:23:45,598.598] INFO [15368] - Generated 7 contour lines at height 2.150000000000001 (unclipped)
[2026-04-17 12:23:45,598.598] INFO [15368] - Generated 4 contour lines at height 2.250000000000001 (unclipped)
[2026-04-17 12:23:45,599.599] INFO [15368] - Generated 2 contour lines at height 2.350000000000001 (unclipped)
[2026-04-17 12:23:45,600.600] INFO [15368] - Generated 1 contour lines at height 2.450000000000001 (unclipped)
[2026-04-17 12:23:45,600.600] INFO [15368] - Generated 1 contour lines at height 2.550000000000001 (unclipped)
[2026-04-17 12:23:45,601.601] INFO [15368] - Generated 1 contour lines at height 2.6500000000000012 (unclipped)
[2026-04-17 12:30:36,613.613] INFO [27972] - Generated 0 contour lines at height 0.15000000000000002 (unclipped)
[2026-04-17 12:30:36,614.614] INFO [27972] - Generated 2 contour lines at height 0.25 (unclipped)
[2026-04-17 12:30:36,615.615] INFO [27972] - Generated 4 contour lines at height 0.35 (unclipped)
[2026-04-17 12:30:36,616.616] INFO [27972] - Generated 3 contour lines at height 0.44999999999999996 (unclipped)
[2026-04-17 12:30:36,616.616] INFO [27972] - Generated 3 contour lines at height 0.5499999999999999 (unclipped)
[2026-04-17 12:30:36,617.617] INFO [27972] - Generated 3 contour lines at height 0.6499999999999999 (unclipped)
[2026-04-17 12:30:36,618.618] INFO [27972] - Generated 2 contour lines at height 0.7499999999999999 (unclipped)
[2026-04-17 12:30:36,619.619] INFO [27972] - Generated 3 contour lines at height 0.8499999999999999 (unclipped)
[2026-04-17 12:30:36,619.619] INFO [27972] - Generated 2 contour lines at height 0.9499999999999998 (unclipped)
[2026-04-17 12:30:36,620.620] INFO [27972] - Generated 1 contour lines at height 1.0499999999999998 (unclipped)
[2026-04-17 12:30:36,621.621] INFO [27972] - Generated 3 contour lines at height 1.15 (unclipped)
[2026-04-17 12:54:07,308.308] INFO [21684] - Generated 1 contour lines at height 0.25 (clipped)
[2026-04-17 12:54:07,310.310] INFO [21684] - Generated 1 contour lines at height 0.5 (clipped)
[2026-04-17 12:54:07,311.311] INFO [21684] - Generated 1 contour lines at height 1.0 (clipped)
[2026-04-17 12:54:07,312.312] INFO [21684] - Generated 1 contour lines at height 1.5 (clipped)
[2026-04-17 12:54:07,313.313] INFO [21684] - Generated 1 contour lines at height 1.75 (clipped)
[2026-04-17 12:58:36,038.038] INFO [21684] - Generated 0 contour lines at height -0.05 (unclipped)
[2026-04-17 12:58:36,040.040] INFO [21684] - Generated 1 contour lines at height 0.05 (unclipped)
[2026-04-17 12:58:36,042.042] INFO [21684] - Generated 3 contour lines at height 0.15000000000000002 (unclipped)
[2026-04-17 12:58:36,043.043] INFO [21684] - Generated 2 contour lines at height 0.25 (unclipped)
[2026-04-17 12:58:36,044.044] INFO [21684] - Generated 4 contour lines at height 0.35 (unclipped)
[2026-04-17 12:58:36,045.045] INFO [21684] - Generated 5 contour lines at height 0.44999999999999996 (unclipped)
[2026-04-17 12:58:36,046.046] INFO [21684] - Generated 3 contour lines at height 0.5499999999999999 (unclipped)
[2026-04-17 12:58:36,047.047] INFO [21684] - Generated 1 contour lines at height 0.6499999999999999 (unclipped)
[2026-04-17 13:06:40,996.996] INFO [20636] - Generated 0 contour lines at height -0.05 (clipped)
[2026-04-17 13:06:41,000.000] INFO [20636] - Generated 2 contour lines at height 0.05 (clipped)
[2026-04-17 13:06:41,001.001] INFO [20636] - Generated 5 contour lines at height 0.15000000000000002 (clipped)
[2026-04-17 13:06:41,004.004] INFO [20636] - Generated 6 contour lines at height 0.25 (clipped)
[2026-04-17 13:06:41,006.006] INFO [20636] - Generated 6 contour lines at height 0.35 (clipped)
[2026-04-17 13:06:41,007.007] INFO [20636] - Generated 2 contour lines at height 0.44999999999999996 (clipped)
[2026-04-17 13:06:41,008.008] INFO [20636] - Generated 2 contour lines at height 0.5499999999999999 (clipped)
[2026-04-17 13:20:26,609.609] INFO [20636] - Generated 0 contour lines at height 0.15000000000000002 (clipped)
[2026-04-17 13:20:26,611.611] INFO [20636] - Generated 3 contour lines at height 0.25 (clipped)
[2026-04-17 13:20:26,613.613] INFO [20636] - Generated 2 contour lines at height 0.35 (clipped)
[2026-04-17 13:20:26,616.616] INFO [20636] - Generated 11 contour lines at height 0.44999999999999996 (clipped)
[2026-04-17 13:20:26,618.618] INFO [20636] - Generated 6 contour lines at height 0.5499999999999999 (clipped)
[2026-04-17 13:20:26,620.620] INFO [20636] - Generated 3 contour lines at height 0.6499999999999999 (clipped)
[2026-04-17 13:20:26,620.620] INFO [20636] - Generated 0 contour lines at height 0.7499999999999999 (clipped)
[2026-04-17 13:20:54,990.990] INFO [20636] - Generated 0 contour lines at height 0.15000000000000002 (clipped)
[2026-04-17 13:20:54,991.991] INFO [20636] - Generated 3 contour lines at height 0.25 (clipped)
[2026-04-17 13:20:54,993.993] INFO [20636] - Generated 3 contour lines at height 0.35 (clipped)
[2026-04-17 13:20:54,997.997] INFO [20636] - Generated 10 contour lines at height 0.44999999999999996 (clipped)
[2026-04-17 13:20:54,999.999] INFO [20636] - Generated 6 contour lines at height 0.5499999999999999 (clipped)
[2026-04-17 13:20:55,000.000] INFO [20636] - Generated 3 contour lines at height 0.6499999999999999 (clipped)
[2026-04-17 13:20:55,000.000] INFO [20636] - Generated 0 contour lines at height 0.7499999999999999 (clipped)
[2026-04-17 13:22:47,417.417] INFO [20636] - Generated 0 contour lines at height 0.05 (clipped)
[2026-04-17 13:22:47,418.418] INFO [20636] - Generated 1 contour lines at height 0.15000000000000002 (clipped)
[2026-04-17 13:22:47,419.419] INFO [20636] - Generated 3 contour lines at height 0.25 (clipped)
[2026-04-17 13:22:47,421.421] INFO [20636] - Generated 3 contour lines at height 0.35 (clipped)
[2026-04-17 13:22:47,425.425] INFO [20636] - Generated 9 contour lines at height 0.44999999999999996 (clipped)
[2026-04-17 13:22:47,427.427] INFO [20636] - Generated 7 contour lines at height 0.5499999999999999 (clipped)
[2026-04-17 13:22:47,429.429] INFO [20636] - Generated 1 contour lines at height 0.6499999999999999 (clipped)
[2026-04-17 13:22:47,429.429] INFO [20636] - Generated 0 contour lines at height 0.7499999999999999 (clipped)
[2026-04-17 13:22:50,848.848] INFO [20636] - Generated 0 contour lines at height 0.05 (clipped)
[2026-04-17 13:22:50,849.849] INFO [20636] - Generated 1 contour lines at height 0.15000000000000002 (clipped)
[2026-04-17 13:22:50,850.850] INFO [20636] - Generated 3 contour lines at height 0.25 (clipped)
[2026-04-17 13:22:50,852.852] INFO [20636] - Generated 3 contour lines at height 0.35 (clipped)
[2026-04-17 13:22:50,856.856] INFO [20636] - Generated 9 contour lines at height 0.44999999999999996 (clipped)
[2026-04-17 13:22:50,859.859] INFO [20636] - Generated 7 contour lines at height 0.5499999999999999 (clipped)
[2026-04-17 13:22:50,860.860] INFO [20636] - Generated 1 contour lines at height 0.6499999999999999 (clipped)
[2026-04-17 13:22:50,861.861] INFO [20636] - Generated 0 contour lines at height 0.7499999999999999 (clipped)
[2026-04-17 13:23:13,312.312] INFO [20636] - Generated 0 contour lines at height 0.05 (clipped)
[2026-04-17 13:23:13,313.313] INFO [20636] - Generated 1 contour lines at height 0.15000000000000002 (clipped)
[2026-04-17 13:23:13,315.315] INFO [20636] - Generated 4 contour lines at height 0.25 (clipped)
[2026-04-17 13:23:13,317.317] INFO [20636] - Generated 4 contour lines at height 0.35 (clipped)
[2026-04-17 13:23:13,320.320] INFO [20636] - Generated 10 contour lines at height 0.44999999999999996 (clipped)
[2026-04-17 13:23:13,322.322] INFO [20636] - Generated 7 contour lines at height 0.5499999999999999 (clipped)
[2026-04-17 13:23:13,323.323] INFO [20636] - Generated 1 contour lines at height 0.6499999999999999 (clipped)
[2026-04-17 13:23:13,324.324] INFO [20636] - Generated 0 contour lines at height 0.7499999999999999 (clipped)
[2026-04-17 13:25:15,010.010] INFO [20636] - Generated 0 contour lines at height 0.05 (clipped)
[2026-04-17 13:25:15,011.011] INFO [20636] - Generated 1 contour lines at height 0.15000000000000002 (clipped)
[2026-04-17 13:25:15,012.012] INFO [20636] - Generated 1 contour lines at height 0.25 (clipped)
[2026-04-17 13:25:15,013.013] INFO [20636] - Generated 2 contour lines at height 0.35 (clipped)
[2026-04-17 13:25:15,014.014] INFO [20636] - Generated 2 contour lines at height 0.44999999999999996 (clipped)
[2026-04-17 13:25:15,015.015] INFO [20636] - Generated 2 contour lines at height 0.5499999999999999 (clipped)
[2026-04-17 13:25:15,017.017] INFO [20636] - Generated 1 contour lines at height 0.6499999999999999 (clipped)
[2026-04-17 13:25:15,018.018] INFO [20636] - Generated 1 contour lines at height 0.7499999999999999 (clipped)
[2026-04-17 13:25:15,020.020] INFO [20636] - Generated 1 contour lines at height 0.8499999999999999 (clipped)
[2026-04-17 13:25:15,021.021] INFO [20636] - Generated 1 contour lines at height 0.9499999999999998 (clipped)
[2026-04-17 13:25:15,022.022] INFO [20636] - Generated 1 contour lines at height 1.0499999999999998 (clipped)
[2026-04-17 13:25:15,024.024] INFO [20636] - Generated 3 contour lines at height 1.15 (clipped)
[2026-04-17 13:25:15,025.025] INFO [20636] - Generated 2 contour lines at height 1.25 (clipped)
[2026-04-17 13:25:15,027.027] INFO [20636] - Generated 4 contour lines at height 1.35 (clipped)
[2026-04-17 13:25:15,029.029] INFO [20636] - Generated 3 contour lines at height 1.4500000000000002 (clipped)
[2026-04-17 13:25:15,031.031] INFO [20636] - Generated 4 contour lines at height 1.5500000000000003 (clipped)
[2026-04-17 13:25:15,033.033] INFO [20636] - Generated 6 contour lines at height 1.6500000000000004 (clipped)
[2026-04-17 13:31:09,544.544] INFO [20636] - Generated 0 contour lines at height 0.15000000000000002 (clipped)
[2026-04-17 13:31:09,545.545] INFO [20636] - Generated 1 contour lines at height 0.25 (clipped)
[2026-04-17 13:31:09,546.546] INFO [20636] - Generated 1 contour lines at height 0.35 (clipped)
[2026-04-17 13:31:09,546.546] INFO [20636] - Generated 1 contour lines at height 0.44999999999999996 (clipped)
[2026-04-17 13:31:09,547.547] INFO [20636] - Generated 1 contour lines at height 0.5499999999999999 (clipped)
[2026-04-17 13:31:09,549.549] INFO [20636] - Generated 4 contour lines at height 0.6499999999999999 (clipped)
[2026-04-17 13:31:09,551.551] INFO [20636] - Generated 2 contour lines at height 0.7499999999999999 (clipped)
[2026-04-17 13:31:09,552.552] INFO [20636] - Generated 1 contour lines at height 0.8499999999999999 (clipped)
[2026-04-17 13:31:09,553.553] INFO [20636] - Generated 1 contour lines at height 0.9499999999999998 (clipped)
[2026-04-17 13:31:09,554.554] INFO [20636] - Generated 2 contour lines at height 1.0499999999999998 (clipped)
[2026-04-17 13:31:09,555.555] INFO [20636] - Generated 1 contour lines at height 1.15 (clipped)
[2026-04-17 13:31:09,556.556] INFO [20636] - Generated 0 contour lines at height 1.25 (clipped)
[2026-04-17 14:59:33,590.590] INFO [20636] - Generated 5 contour lines at height 1.25 (clipped)
[2026-04-17 14:59:33,593.593] INFO [20636] - Generated 3 contour lines at height 1.35 (clipped)
[2026-04-17 14:59:33,595.595] INFO [20636] - Generated 3 contour lines at height 1.4500000000000002 (clipped)
[2026-04-17 14:59:33,597.597] INFO [20636] - Generated 5 contour lines at height 1.5500000000000003 (clipped)
[2026-04-17 14:59:33,600.600] INFO [20636] - Generated 8 contour lines at height 1.6500000000000004 (clipped)
[2026-04-17 14:59:33,603.603] INFO [20636] - Generated 7 contour lines at height 1.7500000000000004 (clipped)
[2026-04-17 14:59:33,606.606] INFO [20636] - Generated 8 contour lines at height 1.8500000000000005 (clipped)
[2026-04-17 14:59:33,609.609] INFO [20636] - Generated 5 contour lines at height 1.9500000000000006 (clipped)
[2026-04-17 14:59:33,613.613] INFO [20636] - Generated 8 contour lines at height 2.0500000000000007 (clipped)
[2026-04-17 14:59:33,617.617] INFO [20636] - Generated 10 contour lines at height 2.150000000000001 (clipped)
[2026-04-17 14:59:33,620.620] INFO [20636] - Generated 5 contour lines at height 2.250000000000001 (clipped)
[2026-04-17 14:59:33,622.622] INFO [20636] - Generated 1 contour lines at height 2.350000000000001 (clipped)
[2026-04-17 14:59:33,624.624] INFO [20636] - Generated 1 contour lines at height 2.450000000000001 (clipped)
[2026-04-17 14:59:33,625.625] INFO [20636] - Generated 1 contour lines at height 2.550000000000001 (clipped)
[2026-04-17 14:59:33,626.626] INFO [20636] - Generated 1 contour lines at height 2.6500000000000012 (clipped)
[2026-04-17 15:08:12,481.481] INFO [20636] - Generated 5 contour lines at height 1.25 (clipped)
[2026-04-17 15:08:12,483.483] INFO [20636] - Generated 3 contour lines at height 1.35 (clipped)
[2026-04-17 15:08:12,484.484] INFO [20636] - Generated 3 contour lines at height 1.4500000000000002 (clipped)
[2026-04-17 15:08:12,486.486] INFO [20636] - Generated 5 contour lines at height 1.5500000000000003 (clipped)
[2026-04-17 15:08:12,488.488] INFO [20636] - Generated 8 contour lines at height 1.6500000000000004 (clipped)
[2026-04-17 15:08:12,490.490] INFO [20636] - Generated 7 contour lines at height 1.7500000000000004 (clipped)
[2026-04-17 15:08:12,493.493] INFO [20636] - Generated 8 contour lines at height 1.8500000000000005 (clipped)
[2026-04-17 15:08:12,495.495] INFO [20636] - Generated 5 contour lines at height 1.9500000000000006 (clipped)
[2026-04-17 15:08:12,497.497] INFO [20636] - Generated 8 contour lines at height 2.0500000000000007 (clipped)
[2026-04-17 15:08:12,499.499] INFO [20636] - Generated 10 contour lines at height 2.150000000000001 (clipped)
[2026-04-17 15:08:12,501.501] INFO [20636] - Generated 5 contour lines at height 2.250000000000001 (clipped)
[2026-04-17 15:08:12,502.502] INFO [20636] - Generated 1 contour lines at height 2.350000000000001 (clipped)
[2026-04-17 15:08:12,503.503] INFO [20636] - Generated 1 contour lines at height 2.450000000000001 (clipped)
[2026-04-17 15:08:12,503.503] INFO [20636] - Generated 1 contour lines at height 2.550000000000001 (clipped)
[2026-04-17 15:08:12,504.504] INFO [20636] - Generated 1 contour lines at height 2.6500000000000012 (clipped)
[2026-04-17 15:23:07,074.074] INFO [20636] - Generated 5 contour lines at height 1.25 (clipped)
[2026-04-17 15:23:07,075.075] INFO [20636] - Generated 3 contour lines at height 1.35 (clipped)
[2026-04-17 15:23:07,077.077] INFO [20636] - Generated 3 contour lines at height 1.4500000000000002 (clipped)
[2026-04-17 15:23:07,078.078] INFO [20636] - Generated 5 contour lines at height 1.5500000000000003 (clipped)
[2026-04-17 15:23:07,080.080] INFO [20636] - Generated 8 contour lines at height 1.6500000000000004 (clipped)
[2026-04-17 15:23:07,082.082] INFO [20636] - Generated 7 contour lines at height 1.7500000000000004 (clipped)
[2026-04-17 15:23:07,085.085] INFO [20636] - Generated 8 contour lines at height 1.8500000000000005 (clipped)
[2026-04-17 15:23:07,087.087] INFO [20636] - Generated 5 contour lines at height 1.9500000000000006 (clipped)
[2026-04-17 15:23:07,090.090] INFO [20636] - Generated 8 contour lines at height 2.0500000000000007 (clipped)
[2026-04-17 15:23:07,092.092] INFO [20636] - Generated 10 contour lines at height 2.150000000000001 (clipped)
[2026-04-17 15:23:07,093.093] INFO [20636] - Generated 5 contour lines at height 2.250000000000001 (clipped)
[2026-04-17 15:23:07,094.094] INFO [20636] - Generated 1 contour lines at height 2.350000000000001 (clipped)
[2026-04-17 15:23:07,095.095] INFO [20636] - Generated 1 contour lines at height 2.450000000000001 (clipped)
[2026-04-17 15:23:07,096.096] INFO [20636] - Generated 1 contour lines at height 2.550000000000001 (clipped)
[2026-04-17 15:23:07,097.097] INFO [20636] - Generated 1 contour lines at height 2.6500000000000012 (clipped)
[2026-04-17 15:25:48,403.403] INFO [20636] - Generated 5 contour lines at height 1.25 (clipped)
[2026-04-17 15:25:48,405.405] INFO [20636] - Generated 3 contour lines at height 1.35 (clipped)
[2026-04-17 15:25:48,406.406] INFO [20636] - Generated 3 contour lines at height 1.4500000000000002 (clipped)
[2026-04-17 15:25:48,408.408] INFO [20636] - Generated 5 contour lines at height 1.5500000000000003 (clipped)
[2026-04-17 15:25:48,410.410] INFO [20636] - Generated 8 contour lines at height 1.6500000000000004 (clipped)
[2026-04-17 15:25:48,412.412] INFO [20636] - Generated 7 contour lines at height 1.7500000000000004 (clipped)
[2026-04-17 15:25:48,415.415] INFO [20636] - Generated 8 contour lines at height 1.8500000000000005 (clipped)
[2026-04-17 15:25:48,417.417] INFO [20636] - Generated 5 contour lines at height 1.9500000000000006 (clipped)
[2026-04-17 15:25:48,420.420] INFO [20636] - Generated 8 contour lines at height 2.0500000000000007 (clipped)
[2026-04-17 15:25:48,422.422] INFO [20636] - Generated 10 contour lines at height 2.150000000000001 (clipped)
[2026-04-17 15:25:48,423.423] INFO [20636] - Generated 5 contour lines at height 2.250000000000001 (clipped)
[2026-04-17 15:25:48,424.424] INFO [20636] - Generated 1 contour lines at height 2.350000000000001 (clipped)
[2026-04-17 15:25:48,425.425] INFO [20636] - Generated 1 contour lines at height 2.450000000000001 (clipped)
[2026-04-17 15:25:48,426.426] INFO [20636] - Generated 1 contour lines at height 2.550000000000001 (clipped)
[2026-04-17 15:25:48,427.427] INFO [20636] - Generated 1 contour lines at height 2.6500000000000012 (clipped)
[2026-04-17 17:15:08,183.183] INFO [20636] - Generated 5 contour lines at height 1.25 (clipped)
[2026-04-17 17:15:08,186.186] INFO [20636] - Generated 3 contour lines at height 1.35 (clipped)
[2026-04-17 17:15:08,188.188] INFO [20636] - Generated 3 contour lines at height 1.4500000000000002 (clipped)
[2026-04-17 17:15:08,190.190] INFO [20636] - Generated 5 contour lines at height 1.5500000000000003 (clipped)
[2026-04-17 17:15:08,194.194] INFO [20636] - Generated 8 contour lines at height 1.6500000000000004 (clipped)
[2026-04-17 17:15:08,197.197] INFO [20636] - Generated 7 contour lines at height 1.7500000000000004 (clipped)
[2026-04-17 17:15:08,200.200] INFO [20636] - Generated 8 contour lines at height 1.8500000000000005 (clipped)
[2026-04-17 17:15:08,203.203] INFO [20636] - Generated 5 contour lines at height 1.9500000000000006 (clipped)
[2026-04-17 17:15:08,205.205] INFO [20636] - Generated 8 contour lines at height 2.0500000000000007 (clipped)
[2026-04-17 17:15:08,208.208] INFO [20636] - Generated 10 contour lines at height 2.150000000000001 (clipped)
[2026-04-17 17:15:08,209.209] INFO [20636] - Generated 5 contour lines at height 2.250000000000001 (clipped)
[2026-04-17 17:15:08,210.210] INFO [20636] - Generated 1 contour lines at height 2.350000000000001 (clipped)
[2026-04-17 17:15:08,212.212] INFO [20636] - Generated 1 contour lines at height 2.450000000000001 (clipped)
[2026-04-17 17:15:08,213.213] INFO [20636] - Generated 1 contour lines at height 2.550000000000001 (clipped)
[2026-04-17 17:15:08,213.213] INFO [20636] - Generated 1 contour lines at height 2.6500000000000012 (clipped)
[2026-04-17 21:53:38,548.548] INFO [11228] - Generated 4 contour lines at height 0.05 (clipped)
[2026-04-17 21:53:38,550.550] INFO [11228] - Generated 4 contour lines at height 0.15000000000000002 (clipped)
[2026-04-17 21:53:38,552.552] INFO [11228] - Generated 3 contour lines at height 0.25 (clipped)
[2026-04-17 21:53:38,554.554] INFO [11228] - Generated 4 contour lines at height 0.35 (clipped)
[2026-04-17 21:53:38,556.556] INFO [11228] - Generated 3 contour lines at height 0.44999999999999996 (clipped)
[2026-04-17 21:53:38,557.557] INFO [11228] - Generated 1 contour lines at height 0.5499999999999999 (clipped)
[2026-04-17 21:53:38,558.558] INFO [11228] - Generated 1 contour lines at height 0.6499999999999999 (clipped)
[2026-04-18 02:15:35,484.484] INFO [11228] - Generated 1 contour lines at height 0.05 (clipped)
[2026-04-18 02:15:35,486.486] INFO [11228] - Generated 2 contour lines at height 0.15000000000000002 (clipped)
[2026-04-18 02:15:35,487.487] INFO [11228] - Generated 3 contour lines at height 0.25 (clipped)
[2026-04-18 02:15:35,489.489] INFO [11228] - Generated 3 contour lines at height 0.35 (clipped)
[2026-04-18 02:15:35,491.491] INFO [11228] - Generated 3 contour lines at height 0.44999999999999996 (clipped)
[2026-04-18 02:15:35,493.493] INFO [11228] - Generated 3 contour lines at height 0.5499999999999999 (clipped)
[2026-04-18 02:15:35,495.495] INFO [11228] - Generated 5 contour lines at height 0.6499999999999999 (clipped)
[2026-04-18 02:15:35,496.496] INFO [11228] - Generated 3 contour lines at height 0.7499999999999999 (clipped)
[2026-04-18 02:15:35,498.498] INFO [11228] - Generated 3 contour lines at height 0.8499999999999999 (clipped)
[2026-04-18 02:15:35,499.499] INFO [11228] - Generated 3 contour lines at height 0.9499999999999998 (clipped)
[2026-04-18 02:15:35,500.500] INFO [11228] - Generated 7 contour lines at height 1.0499999999999998 (clipped)
[2026-04-18 02:21:31,788.788] INFO [11228] - Generated 1 contour lines at height 0.05 (clipped)
[2026-04-18 02:21:31,789.789] INFO [11228] - Generated 2 contour lines at height 0.15000000000000002 (clipped)
[2026-04-18 02:21:31,791.791] INFO [11228] - Generated 3 contour lines at height 0.25 (clipped)
[2026-04-18 02:21:31,792.792] INFO [11228] - Generated 3 contour lines at height 0.35 (clipped)
[2026-04-18 02:21:31,794.794] INFO [11228] - Generated 3 contour lines at height 0.44999999999999996 (clipped)
[2026-04-18 02:21:31,796.796] INFO [11228] - Generated 3 contour lines at height 0.5499999999999999 (clipped)
[2026-04-18 02:21:31,798.798] INFO [11228] - Generated 5 contour lines at height 0.6499999999999999 (clipped)
[2026-04-18 02:21:31,799.799] INFO [11228] - Generated 3 contour lines at height 0.7499999999999999 (clipped)
[2026-04-18 02:21:31,801.801] INFO [11228] - Generated 3 contour lines at height 0.8499999999999999 (clipped)
[2026-04-18 02:21:31,802.802] INFO [11228] - Generated 3 contour lines at height 0.9499999999999998 (clipped)
[2026-04-18 02:21:31,803.803] INFO [11228] - Generated 7 contour lines at height 1.0499999999999998 (clipped)
[2026-04-18 02:25:43,494.494] INFO [11228] - Generated 3 contour lines at height 0.15000000000000002 (clipped)
[2026-04-18 02:25:43,497.497] INFO [11228] - Generated 2 contour lines at height 0.25 (clipped)
[2026-04-18 02:25:43,498.498] INFO [11228] - Generated 1 contour lines at height 0.35 (clipped)
[2026-04-18 02:25:43,500.500] INFO [11228] - Generated 4 contour lines at height 0.44999999999999996 (clipped)
[2026-04-18 02:25:43,502.502] INFO [11228] - Generated 4 contour lines at height 0.5499999999999999 (clipped)
[2026-04-18 02:25:43,503.503] INFO [11228] - Generated 4 contour lines at height 0.6499999999999999 (clipped)
[2026-04-18 02:25:43,504.504] INFO [11228] - Generated 2 contour lines at height 0.7499999999999999 (clipped)
[2026-04-18 02:25:43,506.506] INFO [11228] - Generated 3 contour lines at height 0.8499999999999999 (clipped)
[2026-04-18 02:25:43,507.507] INFO [11228] - Generated 4 contour lines at height 0.9499999999999998 (clipped)
[2026-04-18 02:25:43,508.508] INFO [11228] - Generated 0 contour lines at height 1.0499999999999998 (clipped)
[2026-04-18 03:14:11,856.856] INFO [20580] - Generated 3 contour lines at height 0.15000000000000002 (clipped)
[2026-04-18 03:14:11,857.857] INFO [20580] - Generated 2 contour lines at height 0.25 (clipped)
[2026-04-18 03:14:11,859.859] INFO [20580] - Generated 3 contour lines at height 0.35 (clipped)
[2026-04-18 03:14:11,861.861] INFO [20580] - Generated 4 contour lines at height 0.44999999999999996 (clipped)
[2026-04-18 03:14:11,862.862] INFO [20580] - Generated 4 contour lines at height 0.5499999999999999 (clipped)
[2026-04-18 03:14:11,864.864] INFO [20580] - Generated 3 contour lines at height 0.6499999999999999 (clipped)
[2026-04-18 03:14:11,865.865] INFO [20580] - Generated 3 contour lines at height 0.7499999999999999 (clipped)
[2026-04-18 03:14:11,867.867] INFO [20580] - Generated 2 contour lines at height 0.8499999999999999 (clipped)
[2026-04-18 03:14:11,868.868] INFO [20580] - Generated 2 contour lines at height 0.9499999999999998 (clipped)
[2026-04-18 03:14:11,869.869] INFO [20580] - Generated 2 contour lines at height 1.0499999999999998 (clipped)
[2026-04-18 03:21:09,075.075] INFO [34828] - Generated 5 contour lines at height 1.25 (clipped)
[2026-04-18 03:21:09,076.076] INFO [34828] - Generated 3 contour lines at height 1.35 (clipped)
[2026-04-18 03:21:09,078.078] INFO [34828] - Generated 3 contour lines at height 1.4500000000000002 (clipped)
[2026-04-18 03:21:09,079.079] INFO [34828] - Generated 5 contour lines at height 1.5500000000000003 (clipped)
[2026-04-18 03:21:09,081.081] INFO [34828] - Generated 8 contour lines at height 1.6500000000000004 (clipped)
[2026-04-18 03:21:09,083.083] INFO [34828] - Generated 7 contour lines at height 1.7500000000000004 (clipped)
[2026-04-18 03:21:09,086.086] INFO [34828] - Generated 7 contour lines at height 1.8500000000000005 (clipped)
[2026-04-18 03:21:09,088.088] INFO [34828] - Generated 5 contour lines at height 1.9500000000000006 (clipped)
[2026-04-18 03:21:09,090.090] INFO [34828] - Generated 8 contour lines at height 2.0500000000000007 (clipped)
[2026-04-18 03:21:09,092.092] INFO [34828] - Generated 8 contour lines at height 2.150000000000001 (clipped)
[2026-04-18 03:21:09,093.093] INFO [34828] - Generated 4 contour lines at height 2.250000000000001 (clipped)
[2026-04-18 03:21:09,094.094] INFO [34828] - Generated 1 contour lines at height 2.350000000000001 (clipped)
[2026-04-18 03:21:09,095.095] INFO [34828] - Generated 1 contour lines at height 2.450000000000001 (clipped)
[2026-04-18 03:21:09,096.096] INFO [34828] - Generated 1 contour lines at height 2.550000000000001 (clipped)
[2026-04-18 03:21:09,097.097] INFO [34828] - Generated 1 contour lines at height 2.6500000000000012 (clipped)
[2026-04-18 03:26:29,541.541] INFO [34828] - Generated 5 contour lines at height 1.25 (clipped)
[2026-04-18 03:26:29,543.543] INFO [34828] - Generated 3 contour lines at height 1.35 (clipped)
[2026-04-18 03:26:29,544.544] INFO [34828] - Generated 3 contour lines at height 1.4500000000000002 (clipped)
[2026-04-18 03:26:29,546.546] INFO [34828] - Generated 5 contour lines at height 1.5500000000000003 (clipped)
[2026-04-18 03:26:29,548.548] INFO [34828] - Generated 8 contour lines at height 1.6500000000000004 (clipped)
[2026-04-18 03:26:29,550.550] INFO [34828] - Generated 7 contour lines at height 1.7500000000000004 (clipped)
[2026-04-18 03:26:29,552.552] INFO [34828] - Generated 7 contour lines at height 1.8500000000000005 (clipped)
[2026-04-18 03:26:29,554.554] INFO [34828] - Generated 5 contour lines at height 1.9500000000000006 (clipped)
[2026-04-18 03:26:29,556.556] INFO [34828] - Generated 8 contour lines at height 2.0500000000000007 (clipped)
[2026-04-18 03:26:29,558.558] INFO [34828] - Generated 8 contour lines at height 2.150000000000001 (clipped)
[2026-04-18 03:26:29,559.559] INFO [34828] - Generated 4 contour lines at height 2.250000000000001 (clipped)
[2026-04-18 03:26:29,560.560] INFO [34828] - Generated 1 contour lines at height 2.350000000000001 (clipped)
[2026-04-18 03:26:29,561.561] INFO [34828] - Generated 1 contour lines at height 2.450000000000001 (clipped)
[2026-04-18 03:26:29,562.562] INFO [34828] - Generated 1 contour lines at height 2.550000000000001 (clipped)
[2026-04-18 03:26:29,563.563] INFO [34828] - Generated 1 contour lines at height 2.6500000000000012 (clipped)
